<?xml version="1.0" encoding="UTF-8"?>
<!-- Generated by org.testng.reporters.JUnitReportReporter -->
<testsuite hostname="SVDS5T663" failures="0" tests="6" name="testproject.APITest" time="285.735" errors="0" timestamp="2022-02-15T16:44:15 CST" skipped="0">
  <testcase classname="testproject.APITest" name="schemaBooksTest" time="3.118"/>
  <system-out/>
  <testcase classname="testproject.APITest" name="almacenarIdsTest" time="37.963"/>
  <system-out/>
  <testcase classname="testproject.APITest" name="postMultipleActivitiesTest" time="1.161"/>
  <system-out/>
  <testcase classname="testproject.APITest" name="coverPhotosBooksTest" time="241.380"/>
  <system-out/>
  <testcase classname="testproject.APITest" name="postMultipleActivitiesTest" time="1.048"/>
  <system-out/>
  <testcase classname="testproject.APITest" name="postMultipleActivitiesTest" time="1.065"/>
  <system-out/>
</testsuite> <!-- testproject.APITest -->
