<?xml version="1.0" encoding="UTF-8"?>
<!-- Generated by org.testng.reporters.JUnitReportReporter -->
<testsuite hostname="SVDS5T663" failures="0" tests="6" name="testproject.APITest" time="266.025" errors="0" timestamp="2022-02-15T01:08:27 CST" skipped="0">
  <testcase classname="testproject.APITest" name="postMultipleActivitiesTest" time="1.007"/>
  <system-out/>
  <testcase classname="testproject.APITest" name="coverPhotosBooksTest" time="218.102"/>
  <system-out/>
  <testcase classname="testproject.APITest" name="schemaBooksTest" time="2.699"/>
  <system-out/>
  <testcase classname="testproject.APITest" name="postMultipleActivitiesTest" time="1.065"/>
  <system-out/>
  <testcase classname="testproject.APITest" name="postMultipleActivitiesTest" time="1.047"/>
  <system-out/>
  <testcase classname="testproject.APITest" name="almacenarIdsTest" time="42.105"/>
  <system-out/>
</testsuite> <!-- testproject.APITest -->
